2025/01/22 23:31:17 caluculateHandlerが呼び出されました
2025/01/22 23:31:17 入力された数値： num1=3, num2=4
2025/01/22 23:31:17 計算結果: 3 + 4 = 7
2025/01/22 23:31:29 caluculateHandlerが呼び出されました
2025/01/22 23:31:29 入力された数値： num1=q, num2=1
2025/01/22 23:31:29 無効な入力がありました: strconv.Atoi: parsing "q": invalid syntax <nil>
2025/01/22 23:31:38 caluculateHandlerが呼び出されました
2025/01/22 23:31:38 入力された数値： num1=3, num2=1
2025/01/22 23:31:38 計算結果: 3 + 1 = 4
2025/01/23 23:27:09 caluculateHandlerが呼び出されました
2025/01/23 23:27:09 入力された数値： num1=4, num2=5
2025/01/23 23:27:09 計算結果: 4 + 5 = 9
2025/01/23 23:42:05 caluculateHandlerが呼び出されました
2025/01/23 23:42:05 入力された数値： num1=4, num2=5, operation=
2025/01/23 23:42:05 無効な演算子です 
2025/01/23 23:42:05 計算結果: 4  5 = 0
2025/01/23 23:42:15 caluculateHandlerが呼び出されました
2025/01/23 23:42:15 入力された数値： num1=3, num2=4, operation=
2025/01/23 23:42:15 無効な演算子です 
2025/01/23 23:42:15 計算結果: 3  4 = 0
2025/01/23 23:43:48 caluculateHandlerが呼び出されました
2025/01/23 23:43:48 入力された数値： num1=5, num2=6, operation=
2025/01/23 23:43:48 無効な演算子です 
2025/01/23 23:43:48 計算結果: 5  6 = 0
2025/01/23 23:49:00 caluculateHandlerが呼び出されました
2025/01/23 23:49:00 入力された数値： num1=3, num2=4, operation=+
2025/01/23 23:49:00 計算結果: 3 + 4 = 7
2025/01/23 23:49:05 caluculateHandlerが呼び出されました
2025/01/23 23:49:05 入力された数値： num1=5, num2=4, operation=-
2025/01/23 23:49:05 計算結果: 5 - 4 = 1
